This is pdfTeX, Version 3.14159265-2.6-1.40.17 (TeX Live 2016/Debian) (preloaded format=pdflatex 2017.5.23)  2 AUG 2017 12:03
entering extended mode
 restricted \write18 enabled.
 %&-line parsing enabled.
**Constancia.tex
(./Constancia.tex
LaTeX2e <2016/03/31> patch level 3
Babel <3.9r> and hyphenation patterns for 6 language(s) loaded.
(/usr/share/texlive/texmf-dist/tex/latex/base/article.cls
Document Class: article 2014/09/29 v1.4h Standard LaTeX document class
(/usr/share/texlive/texmf-dist/tex/latex/base/size12.clo
File: size12.clo 2014/09/29 v1.4h Standard LaTeX file (size option)
)
\c@part=\count79
\c@section=\count80
\c@subsection=\count81
\c@subsubsection=\count82
\c@paragraph=\count83
\c@subparagraph=\count84
\c@figure=\count85
\c@table=\count86
\abovecaptionskip=\skip41
\belowcaptionskip=\skip42
\bibindent=\dimen102
) (./header.sty
Package: header 

(/usr/share/texlive/texmf-dist/tex/latex/base/inputenc.sty
Package: inputenc 2015/03/17 v1.2c Input encoding file
\inpenc@prehook=\toks14
\inpenc@posthook=\toks15

(/usr/share/texlive/texmf-dist/tex/latex/base/utf8.def
File: utf8.def 2016/02/28 v1.1s UTF-8 support for inputenc
Now handling font encoding OML ...
... no UTF-8 mapping file for font encoding OML
Now handling font encoding T1 ...
... processing UTF-8 mapping file for font encoding T1

(/usr/share/texlive/texmf-dist/tex/latex/base/t1enc.dfu
File: t1enc.dfu 2016/02/28 v1.1s UTF-8 support for inputenc
   defining Unicode char U+00A0 (decimal 160)
   defining Unicode char U+00A1 (decimal 161)
   defining Unicode char U+00A3 (decimal 163)
   defining Unicode char U+00AB (decimal 171)
   defining Unicode char U+00AD (decimal 173)
   defining Unicode char U+00BB (decimal 187)
   defining Unicode char U+00BF (decimal 191)
   defining Unicode char U+00C0 (decimal 192)
   defining Unicode char U+00C1 (decimal 193)
   defining Unicode char U+00C2 (decimal 194)
   defining Unicode char U+00C3 (decimal 195)
   defining Unicode char U+00C4 (decimal 196)
   defining Unicode char U+00C5 (decimal 197)
   defining Unicode char U+00C6 (decimal 198)
   defining Unicode char U+00C7 (decimal 199)
   defining Unicode char U+00C8 (decimal 200)
   defining Unicode char U+00C9 (decimal 201)
   defining Unicode char U+00CA (decimal 202)
   defining Unicode char U+00CB (decimal 203)
   defining Unicode char U+00CC (decimal 204)
   defining Unicode char U+00CD (decimal 205)
   defining Unicode char U+00CE (decimal 206)
   defining Unicode char U+00CF (decimal 207)
   defining Unicode char U+00D0 (decimal 208)
   defining Unicode char U+00D1 (decimal 209)
   defining Unicode char U+00D2 (decimal 210)
   defining Unicode char U+00D3 (decimal 211)
   defining Unicode char U+00D4 (decimal 212)
   defining Unicode char U+00D5 (decimal 213)
   defining Unicode char U+00D6 (decimal 214)
   defining Unicode char U+00D8 (decimal 216)
   defining Unicode char U+00D9 (decimal 217)
   defining Unicode char U+00DA (decimal 218)
   defining Unicode char U+00DB (decimal 219)
   defining Unicode char U+00DC (decimal 220)
   defining Unicode char U+00DD (decimal 221)
   defining Unicode char U+00DE (decimal 222)
   defining Unicode char U+00DF (decimal 223)
   defining Unicode char U+00E0 (decimal 224)
   defining Unicode char U+00E1 (decimal 225)
   defining Unicode char U+00E2 (decimal 226)
   defining Unicode char U+00E3 (decimal 227)
   defining Unicode char U+00E4 (decimal 228)
   defining Unicode char U+00E5 (decimal 229)
   defining Unicode char U+00E6 (decimal 230)
   defining Unicode char U+00E7 (decimal 231)
   defining Unicode char U+00E8 (decimal 232)
   defining Unicode char U+00E9 (decimal 233)
   defining Unicode char U+00EA (decimal 234)
   defining Unicode char U+00EB (decimal 235)
   defining Unicode char U+00EC (decimal 236)
   defining Unicode char U+00ED (decimal 237)
   defining Unicode char U+00EE (decimal 238)
   defining Unicode char U+00EF (decimal 239)
   defining Unicode char U+00F0 (decimal 240)
   defining Unicode char U+00F1 (decimal 241)
   defining Unicode char U+00F2 (decimal 242)
   defining Unicode char U+00F3 (decimal 243)
   defining Unicode char U+00F4 (decimal 244)
   defining Unicode char U+00F5 (decimal 245)
   defining Unicode char U+00F6 (decimal 246)
   defining Unicode char U+00F8 (decimal 248)
   defining Unicode char U+00F9 (decimal 249)
   defining Unicode char U+00FA (decimal 250)
   defining Unicode char U+00FB (decimal 251)
   defining Unicode char U+00FC (decimal 252)
   defining Unicode char U+00FD (decimal 253)
   defining Unicode char U+00FE (decimal 254)
   defining Unicode char U+00FF (decimal 255)
   defining Unicode char U+0100 (decimal 256)
   defining Unicode char U+0101 (decimal 257)
   defining Unicode char U+0102 (decimal 258)
   defining Unicode char U+0103 (decimal 259)
   defining Unicode char U+0104 (decimal 260)
   defining Unicode char U+0105 (decimal 261)
   defining Unicode char U+0106 (decimal 262)
   defining Unicode char U+0107 (decimal 263)
   defining Unicode char U+0108 (decimal 264)
   defining Unicode char U+0109 (decimal 265)
   defining Unicode char U+010A (decimal 266)
   defining Unicode char U+010B (decimal 267)
   defining Unicode char U+010C (decimal 268)
   defining Unicode char U+010D (decimal 269)
   defining Unicode char U+010E (decimal 270)
   defining Unicode char U+010F (decimal 271)
   defining Unicode char U+0110 (decimal 272)
   defining Unicode char U+0111 (decimal 273)
   defining Unicode char U+0112 (decimal 274)
   defining Unicode char U+0113 (decimal 275)
   defining Unicode char U+0114 (decimal 276)
   defining Unicode char U+0115 (decimal 277)
   defining Unicode char U+0116 (decimal 278)
   defining Unicode char U+0117 (decimal 279)
   defining Unicode char U+0118 (decimal 280)
   defining Unicode char U+0119 (decimal 281)
   defining Unicode char U+011A (decimal 282)
   defining Unicode char U+011B (decimal 283)
   defining Unicode char U+011C (decimal 284)
   defining Unicode char U+011D (decimal 285)
   defining Unicode char U+011E (decimal 286)
   defining Unicode char U+011F (decimal 287)
   defining Unicode char U+0120 (decimal 288)
   defining Unicode char U+0121 (decimal 289)
   defining Unicode char U+0122 (decimal 290)
   defining Unicode char U+0123 (decimal 291)
   defining Unicode char U+0124 (decimal 292)
   defining Unicode char U+0125 (decimal 293)
   defining Unicode char U+0128 (decimal 296)
   defining Unicode char U+0129 (decimal 297)
   defining Unicode char U+012A (decimal 298)
   defining Unicode char U+012B (decimal 299)
   defining Unicode char U+012C (decimal 300)
   defining Unicode char U+012D (decimal 301)
   defining Unicode char U+012E (decimal 302)
   defining Unicode char U+012F (decimal 303)
   defining Unicode char U+0130 (decimal 304)
   defining Unicode char U+0131 (decimal 305)
   defining Unicode char U+0132 (decimal 306)
   defining Unicode char U+0133 (decimal 307)
   defining Unicode char U+0134 (decimal 308)
   defining Unicode char U+0135 (decimal 309)
   defining Unicode char U+0136 (decimal 310)
   defining Unicode char U+0137 (decimal 311)
   defining Unicode char U+0139 (decimal 313)
   defining Unicode char U+013A (decimal 314)
   defining Unicode char U+013B (decimal 315)
   defining Unicode char U+013C (decimal 316)
   defining Unicode char U+013D (decimal 317)
   defining Unicode char U+013E (decimal 318)
   defining Unicode char U+0141 (decimal 321)
   defining Unicode char U+0142 (decimal 322)
   defining Unicode char U+0143 (decimal 323)
   defining Unicode char U+0144 (decimal 324)
   defining Unicode char U+0145 (decimal 325)
   defining Unicode char U+0146 (decimal 326)
   defining Unicode char U+0147 (decimal 327)
   defining Unicode char U+0148 (decimal 328)
   defining Unicode char U+014A (decimal 330)
   defining Unicode char U+014B (decimal 331)
   defining Unicode char U+014C (decimal 332)
   defining Unicode char U+014D (decimal 333)
   defining Unicode char U+014E (decimal 334)
   defining Unicode char U+014F (decimal 335)
   defining Unicode char U+0150 (decimal 336)
   defining Unicode char U+0151 (decimal 337)
   defining Unicode char U+0152 (decimal 338)
   defining Unicode char U+0153 (decimal 339)
   defining Unicode char U+0154 (decimal 340)
   defining Unicode char U+0155 (decimal 341)
   defining Unicode char U+0156 (decimal 342)
   defining Unicode char U+0157 (decimal 343)
   defining Unicode char U+0158 (decimal 344)
   defining Unicode char U+0159 (decimal 345)
   defining Unicode char U+015A (decimal 346)
   defining Unicode char U+015B (decimal 347)
   defining Unicode char U+015C (decimal 348)
   defining Unicode char U+015D (decimal 349)
   defining Unicode char U+015E (decimal 350)
   defining Unicode char U+015F (decimal 351)
   defining Unicode char U+0160 (decimal 352)
   defining Unicode char U+0161 (decimal 353)
   defining Unicode char U+0162 (decimal 354)
   defining Unicode char U+0163 (decimal 355)
   defining Unicode char U+0164 (decimal 356)
   defining Unicode char U+0165 (decimal 357)
   defining Unicode char U+0168 (decimal 360)
   defining Unicode char U+0169 (decimal 361)
   defining Unicode char U+016A (decimal 362)
   defining Unicode char U+016B (decimal 363)
   defining Unicode char U+016C (decimal 364)
   defining Unicode char U+016D (decimal 365)
   defining Unicode char U+016E (decimal 366)
   defining Unicode char U+016F (decimal 367)
   defining Unicode char U+0170 (decimal 368)
   defining Unicode char U+0171 (decimal 369)
   defining Unicode char U+0172 (decimal 370)
   defining Unicode char U+0173 (decimal 371)
   defining Unicode char U+0174 (decimal 372)
   defining Unicode char U+0175 (decimal 373)
   defining Unicode char U+0176 (decimal 374)
   defining Unicode char U+0177 (decimal 375)
   defining Unicode char U+0178 (decimal 376)
   defining Unicode char U+0179 (decimal 377)
   defining Unicode char U+017A (decimal 378)
   defining Unicode char U+017B (decimal 379)
   defining Unicode char U+017C (decimal 380)
   defining Unicode char U+017D (decimal 381)
   defining Unicode char U+017E (decimal 382)
   defining Unicode char U+01CD (decimal 461)
   defining Unicode char U+01CE (decimal 462)
   defining Unicode char U+01CF (decimal 463)
   defining Unicode char U+01D0 (decimal 464)
   defining Unicode char U+01D1 (decimal 465)
   defining Unicode char U+01D2 (decimal 466)
   defining Unicode char U+01D3 (decimal 467)
   defining Unicode char U+01D4 (decimal 468)
   defining Unicode char U+01E2 (decimal 482)
   defining Unicode char U+01E3 (decimal 483)
   defining Unicode char U+01E6 (decimal 486)
   defining Unicode char U+01E7 (decimal 487)
   defining Unicode char U+01E8 (decimal 488)
   defining Unicode char U+01E9 (decimal 489)
   defining Unicode char U+01EA (decimal 490)
   defining Unicode char U+01EB (decimal 491)
   defining Unicode char U+01F0 (decimal 496)
   defining Unicode char U+01F4 (decimal 500)
   defining Unicode char U+01F5 (decimal 501)
   defining Unicode char U+0218 (decimal 536)
   defining Unicode char U+0219 (decimal 537)
   defining Unicode char U+021A (decimal 538)
   defining Unicode char U+021B (decimal 539)
   defining Unicode char U+1E02 (decimal 7682)
   defining Unicode char U+1E03 (decimal 7683)
   defining Unicode char U+200C (decimal 8204)
   defining Unicode char U+2010 (decimal 8208)
   defining Unicode char U+2011 (decimal 8209)
   defining Unicode char U+2012 (decimal 8210)
   defining Unicode char U+2013 (decimal 8211)
   defining Unicode char U+2014 (decimal 8212)
   defining Unicode char U+2015 (decimal 8213)
   defining Unicode char U+2018 (decimal 8216)
   defining Unicode char U+2019 (decimal 8217)
   defining Unicode char U+201A (decimal 8218)
   defining Unicode char U+201C (decimal 8220)
   defining Unicode char U+201D (decimal 8221)
   defining Unicode char U+201E (decimal 8222)
   defining Unicode char U+2030 (decimal 8240)
   defining Unicode char U+2031 (decimal 8241)
   defining Unicode char U+2039 (decimal 8249)
   defining Unicode char U+203A (decimal 8250)
   defining Unicode char U+2423 (decimal 9251)
)
Now handling font encoding OT1 ...
... processing UTF-8 mapping file for font encoding OT1

(/usr/share/texlive/texmf-dist/tex/latex/base/ot1enc.dfu
File: ot1enc.dfu 2016/02/28 v1.1s UTF-8 support for inputenc
   defining Unicode char U+00A0 (decimal 160)
   defining Unicode char U+00A1 (decimal 161)
   defining Unicode char U+00A3 (decimal 163)
   defining Unicode char U+00AD (decimal 173)
   defining Unicode char U+00B8 (decimal 184)
   defining Unicode char U+00BF (decimal 191)
   defining Unicode char U+00C5 (decimal 197)
   defining Unicode char U+00C6 (decimal 198)
   defining Unicode char U+00D8 (decimal 216)
   defining Unicode char U+00DF (decimal 223)
   defining Unicode char U+00E6 (decimal 230)
   defining Unicode char U+00EC (decimal 236)
   defining Unicode char U+00ED (decimal 237)
   defining Unicode char U+00EE (decimal 238)
   defining Unicode char U+00EF (decimal 239)
   defining Unicode char U+00F8 (decimal 248)
   defining Unicode char U+0131 (decimal 305)
   defining Unicode char U+0141 (decimal 321)
   defining Unicode char U+0142 (decimal 322)
   defining Unicode char U+0152 (decimal 338)
   defining Unicode char U+0153 (decimal 339)
   defining Unicode char U+0174 (decimal 372)
   defining Unicode char U+0175 (decimal 373)
   defining Unicode char U+0176 (decimal 374)
   defining Unicode char U+0177 (decimal 375)
   defining Unicode char U+0218 (decimal 536)
   defining Unicode char U+0219 (decimal 537)
   defining Unicode char U+021A (decimal 538)
   defining Unicode char U+021B (decimal 539)
   defining Unicode char U+2013 (decimal 8211)
   defining Unicode char U+2014 (decimal 8212)
   defining Unicode char U+2018 (decimal 8216)
   defining Unicode char U+2019 (decimal 8217)
   defining Unicode char U+201C (decimal 8220)
   defining Unicode char U+201D (decimal 8221)
)
Now handling font encoding OMS ...
... processing UTF-8 mapping file for font encoding OMS

(/usr/share/texlive/texmf-dist/tex/latex/base/omsenc.dfu
File: omsenc.dfu 2016/02/28 v1.1s UTF-8 support for inputenc
   defining Unicode char U+00A7 (decimal 167)
   defining Unicode char U+00B6 (decimal 182)
   defining Unicode char U+00B7 (decimal 183)
   defining Unicode char U+2020 (decimal 8224)
   defining Unicode char U+2021 (decimal 8225)
   defining Unicode char U+2022 (decimal 8226)
)
Now handling font encoding OMX ...
... no UTF-8 mapping file for font encoding OMX
Now handling font encoding U ...
... no UTF-8 mapping file for font encoding U
   defining Unicode char U+00A9 (decimal 169)
   defining Unicode char U+00AA (decimal 170)
   defining Unicode char U+00AE (decimal 174)
   defining Unicode char U+00BA (decimal 186)
   defining Unicode char U+02C6 (decimal 710)
   defining Unicode char U+02DC (decimal 732)
   defining Unicode char U+200C (decimal 8204)
   defining Unicode char U+2026 (decimal 8230)
   defining Unicode char U+2122 (decimal 8482)
   defining Unicode char U+2423 (decimal 9251)
))
(/usr/share/texlive/texmf-dist/tex/generic/babel/babel.sty
Package: babel 2016/04/23 3.9r The Babel package

(/usr/share/texlive/texmf-dist/tex/generic/babel-spanish/spanish.ldf
Language: spanish.ldf 2016/03/03 v5.0p Spanish support from the babel system

(/usr/share/texlive/texmf-dist/tex/generic/babel/babel.def
File: babel.def 2016/04/23 3.9r Babel common definitions
\babel@savecnt=\count87
\U@D=\dimen103
)
\es@quottoks=\toks16
\es@quotdepth=\count88
Package babel Info: Making " an active character on input line 561.
))
(/usr/share/texlive/texmf-dist/tex/latex/preprint/fullpage.sty
Package: fullpage 1999/02/23 1.1 (PWD)
\FP@margin=\skip43
)
(/usr/share/texlive/texmf-dist/tex/latex/enumitem/enumitem.sty
Package: enumitem 2011/09/28 v3.5.2 Customized lists
\enitkv@toks@=\toks17
\labelindent=\skip44
\enit@outerparindent=\dimen104
\enit@toks=\toks18
\enit@inbox=\box26
\enitdp@description=\count89
)
(/usr/share/texlive/texmf-dist/tex/latex/tools/multicol.sty
Package: multicol 2016/04/07 v1.8p multicolumn formatting (FMi)
\c@tracingmulticols=\count90
\mult@box=\box27
\multicol@leftmargin=\dimen105
\c@unbalance=\count91
\c@collectmore=\count92
\doublecol@number=\count93
\multicoltolerance=\count94
\multicolpretolerance=\count95
\full@width=\dimen106
\page@free=\dimen107
\premulticols=\dimen108
\postmulticols=\dimen109
\multicolsep=\skip45
\multicolbaselineskip=\skip46
\partial@page=\box28
\last@line=\box29
\maxbalancingoverflow=\dimen110
\mult@rightbox=\box30
\mult@grightbox=\box31
\mult@gfirstbox=\box32
\mult@firstbox=\box33
\@tempa=\box34
\@tempa=\box35
\@tempa=\box36
\@tempa=\box37
\@tempa=\box38
\@tempa=\box39
\@tempa=\box40
\@tempa=\box41
\@tempa=\box42
\@tempa=\box43
\@tempa=\box44
\@tempa=\box45
\@tempa=\box46
\@tempa=\box47
\@tempa=\box48
\@tempa=\box49
\@tempa=\box50
\c@columnbadness=\count96
\c@finalcolumnbadness=\count97
\last@try=\dimen111
\multicolovershoot=\dimen112
\multicolundershoot=\dimen113
\mult@nat@firstbox=\box51
\colbreak@box=\box52
\mc@col@check@num=\count98
)
(/usr/share/texlive/texmf-dist/tex/latex/amscls/amsthm.sty
Package: amsthm 2015/03/04 v2.20.2
\thm@style=\toks19
\thm@bodyfont=\toks20
\thm@headfont=\toks21
\thm@notefont=\toks22
\thm@headpunct=\toks23
\thm@preskip=\skip47
\thm@postskip=\skip48
\thm@headsep=\skip49
\dth@everypar=\toks24
)
(/usr/share/texlive/texmf-dist/tex/latex/amsmath/amsmath.sty
Package: amsmath 2016/06/28 v2.15d AMS math features
\@mathmargin=\skip50

For additional information on amsmath, use the `?' option.
(/usr/share/texlive/texmf-dist/tex/latex/amsmath/amstext.sty
Package: amstext 2000/06/29 v2.01 AMS text

(/usr/share/texlive/texmf-dist/tex/latex/amsmath/amsgen.sty
File: amsgen.sty 1999/11/30 v2.0 generic functions
\@emptytoks=\toks25
\ex@=\dimen114
))
(/usr/share/texlive/texmf-dist/tex/latex/amsmath/amsbsy.sty
Package: amsbsy 1999/11/29 v1.2d Bold Symbols
\pmbraise@=\dimen115
)
(/usr/share/texlive/texmf-dist/tex/latex/amsmath/amsopn.sty
Package: amsopn 2016/03/08 v2.02 operator names
)
\inf@bad=\count99
LaTeX Info: Redefining \frac on input line 199.
\uproot@=\count100
\leftroot@=\count101
LaTeX Info: Redefining \overline on input line 297.
\classnum@=\count102
\DOTSCASE@=\count103
LaTeX Info: Redefining \ldots on input line 394.
LaTeX Info: Redefining \dots on input line 397.
LaTeX Info: Redefining \cdots on input line 518.
\Mathstrutbox@=\box53
\strutbox@=\box54
\big@size=\dimen116
LaTeX Font Info:    Redeclaring font encoding OML on input line 634.
LaTeX Font Info:    Redeclaring font encoding OMS on input line 635.
\macc@depth=\count104
\c@MaxMatrixCols=\count105
\dotsspace@=\muskip10
\c@parentequation=\count106
\dspbrk@lvl=\count107
\tag@help=\toks26
\row@=\count108
\column@=\count109
\maxfields@=\count110
\andhelp@=\toks27
\eqnshift@=\dimen117
\alignsep@=\dimen118
\tagshift@=\dimen119
\tagwidth@=\dimen120
\totwidth@=\dimen121
\lineht@=\dimen122
\@envbody=\toks28
\multlinegap=\skip51
\multlinetaggap=\skip52
\mathdisplay@stack=\toks29
LaTeX Info: Redefining \[ on input line 2739.
LaTeX Info: Redefining \] on input line 2740.
)
(/usr/share/texlive/texmf-dist/tex/latex/amsfonts/amssymb.sty
Package: amssymb 2013/01/14 v3.01 AMS font symbols

(/usr/share/texlive/texmf-dist/tex/latex/amsfonts/amsfonts.sty
Package: amsfonts 2013/01/14 v3.01 Basic AMSFonts support
\symAMSa=\mathgroup4
\symAMSb=\mathgroup5
LaTeX Font Info:    Overwriting math alphabet `\mathfrak' in version `bold'
(Font)                  U/euf/m/n --> U/euf/b/n on input line 106.
))
(/usr/share/texlive/texmf-dist/tex/latex/physics/physics.sty
Package: physics 

(/usr/share/texlive/texmf-dist/tex/latex/l3packages/xparse/xparse.sty
(/usr/share/texlive/texmf-dist/tex/latex/l3kernel/expl3.sty
Package: expl3 2016/05/18 v6512 L3 programming layer (loader) 

(/usr/share/texlive/texmf-dist/tex/latex/l3kernel/expl3-code.tex
Package: expl3 2016/05/18 v6512 L3 programming layer (code)
L3 Module: l3bootstrap 2016/02/12 v6412 L3 Bootstrap code
L3 Module: l3names 2016/03/11 v6433 L3 Namespace for primitives
L3 Module: l3basics 2015/11/22 v6315 L3 Basic definitions
L3 Module: l3expan 2015/09/10 v5983 L3 Argument expansion
L3 Module: l3tl 2016/03/26 v6465 L3 Token lists
L3 Module: l3str 2016/03/24 v6441 L3 Strings
L3 Module: l3seq 2015/08/05 v5777 L3 Sequences and stacks
L3 Module: l3int 2016/03/24 v6441 L3 Integers
\c_max_int=\count111
\l_tmpa_int=\count112
\l_tmpb_int=\count113
\g_tmpa_int=\count114
\g_tmpb_int=\count115
L3 Module: l3quark 2015/08/17 v5855 L3 Quarks
L3 Module: l3prg 2015/11/01 v6216 L3 Control structures
\g__prg_map_int=\count116
L3 Module: l3clist 2015/09/02 v5901 L3 Comma separated lists
L3 Module: l3token 2016/04/03 v6470 L3 Experimental token manipulation
L3 Module: l3prop 2016/01/05 v6366 L3 Property lists
L3 Module: l3msg 2016/03/26 v6464 L3 Messages
L3 Module: l3file 2016/03/25 v6458 L3 File and I/O operations
\l_iow_line_count_int=\count117
\l__iow_target_count_int=\count118
\l__iow_current_line_int=\count119
\l__iow_current_word_int=\count120
\l__iow_current_indentation_int=\count121
L3 Module: l3skip 2016/01/05 v6366 L3 Dimensions and skips
\c_zero_dim=\dimen123
\c_max_dim=\dimen124
\l_tmpa_dim=\dimen125
\l_tmpb_dim=\dimen126
\g_tmpa_dim=\dimen127
\g_tmpb_dim=\dimen128
\c_zero_skip=\skip53
\c_max_skip=\skip54
\l_tmpa_skip=\skip55
\l_tmpb_skip=\skip56
\g_tmpa_skip=\skip57
\g_tmpb_skip=\skip58
\c_zero_muskip=\muskip11
\c_max_muskip=\muskip12
\l_tmpa_muskip=\muskip13
\l_tmpb_muskip=\muskip14
\g_tmpa_muskip=\muskip15
\g_tmpb_muskip=\muskip16
L3 Module: l3keys 2015/11/17 v6284 L3 Key-value interfaces
\g__keyval_level_int=\count122
\l_keys_choice_int=\count123
L3 Module: l3fp 2016/03/26 v6465 L3 Floating points
\c__fp_leading_shift_int=\count124
\c__fp_middle_shift_int=\count125
\c__fp_trailing_shift_int=\count126
\c__fp_big_leading_shift_int=\count127
\c__fp_big_middle_shift_int=\count128
\c__fp_big_trailing_shift_int=\count129
\c__fp_Bigg_leading_shift_int=\count130
\c__fp_Bigg_middle_shift_int=\count131
\c__fp_Bigg_trailing_shift_int=\count132
L3 Module: l3box 2015/08/09 v5822 L3 Experimental boxes
\c_empty_box=\box55
\l_tmpa_box=\box56
\l_tmpb_box=\box57
\g_tmpa_box=\box58
\g_tmpb_box=\box59
L3 Module: l3coffins 2016/05/17 v6508 L3 Coffin code layer
\l__coffin_internal_box=\box60
\l__coffin_internal_dim=\dimen129
\l__coffin_offset_x_dim=\dimen130
\l__coffin_offset_y_dim=\dimen131
\l__coffin_x_dim=\dimen132
\l__coffin_y_dim=\dimen133
\l__coffin_x_prime_dim=\dimen134
\l__coffin_y_prime_dim=\dimen135
\c_empty_coffin=\box61
\l__coffin_aligned_coffin=\box62
\l__coffin_aligned_internal_coffin=\box63
\l_tmpa_coffin=\box64
\l_tmpb_coffin=\box65
\l__coffin_display_coffin=\box66
\l__coffin_display_coord_coffin=\box67
\l__coffin_display_pole_coffin=\box68
\l__coffin_display_offset_dim=\dimen136
\l__coffin_display_x_dim=\dimen137
\l__coffin_display_y_dim=\dimen138
L3 Module: l3color 2014/08/23 v5354 L3 Experimental color support
L3 Module: l3sys 2015/09/25 v6087 L3 Experimental system/runtime functions
L3 Module: l3candidates 2016/05/13 v6484 L3 Experimental additions to l3kernel
\l__box_top_dim=\dimen139
\l__box_bottom_dim=\dimen140
\l__box_left_dim=\dimen141
\l__box_right_dim=\dimen142
\l__box_top_new_dim=\dimen143
\l__box_bottom_new_dim=\dimen144
\l__box_left_new_dim=\dimen145
\l__box_right_new_dim=\dimen146
\l__box_internal_box=\box69
\l__coffin_bounding_shift_dim=\dimen147
\l__coffin_left_corner_dim=\dimen148
\l__coffin_right_corner_dim=\dimen149
\l__coffin_bottom_corner_dim=\dimen150
\l__coffin_top_corner_dim=\dimen151
\l__coffin_scaled_total_height_dim=\dimen152
\l__coffin_scaled_width_dim=\dimen153
L3 Module: l3luatex 2016/03/26 v6465 L3 Experimental LuaTeX-specific functions
)
(/usr/share/texlive/texmf-dist/tex/latex/l3kernel/l3pdfmode.def
File: l3pdfmode.def 2016/03/26 v6465 L3 Experimental driver: PDF mode
\l__driver_color_stack_int=\count133
\l__driver_tmp_box=\box70
))
Package: xparse 2016/05/18 v6512 L3 Experimental document command parser
\l__xparse_current_arg_int=\count134
\l__xparse_m_args_int=\count135
\l__xparse_mandatory_args_int=\count136
\l__xparse_processor_int=\count137
\l__xparse_v_nesting_int=\count138
)
.................................................
. LaTeX info: "xparse/define-command"
. 
. Defining command \vnabla with sig. '' on line 25.
.................................................
.................................................
. LaTeX info: "xparse/define-command"
. 
. Defining command \varE with sig. '' on line 29.
.................................................
.................................................
. LaTeX info: "xparse/define-command"
. 
. Defining command \ordersymbol with sig. '' on line 30.
.................................................
.................................................
. LaTeX info: "xparse/define-command"
. 
. Defining command \lparen with sig. '' on line 31.
.................................................
.................................................
. LaTeX info: "xparse/define-command"
. 
. Defining command \rparen with sig. '' on line 32.
.................................................
.................................................
. LaTeX info: "xparse/define-command"
. 
. Defining command \quantity with sig. '' on line 35.
.................................................
.................................................
. LaTeX info: "xparse/define-command"
. 
. Defining command \@quantity with sig. ' t\big t\Big t\bigg t\Bigg g o d()
. d|| ' on line 62.
.................................................
.................................................
. LaTeX info: "xparse/define-command"
. 
. Defining command \qty with sig. '' on line 63.
.................................................
.................................................
. LaTeX info: "xparse/define-command"
. 
. Defining command \pqty with sig. ' l m ' on line 64.
.................................................
.................................................
. LaTeX info: "xparse/define-command"
. 
. Defining command \bqty with sig. ' l m ' on line 65.
.................................................
.................................................
. LaTeX info: "xparse/define-command"
. 
. Defining command \Bqty with sig. ' l m ' on line 66.
.................................................
.................................................
. LaTeX info: "xparse/define-command"
. 
. Defining command \vqty with sig. ' l m ' on line 67.
.................................................
.................................................
. LaTeX info: "xparse/define-command"
. 
. Defining command \pmqty with sig. 'm' on line 70.
.................................................
.................................................
. LaTeX info: "xparse/define-command"
. 
. Defining command \Pmqty with sig. 'm' on line 71.
.................................................
.................................................
. LaTeX info: "xparse/define-command"
. 
. Defining command \bmqty with sig. 'm' on line 72.
.................................................
.................................................
. LaTeX info: "xparse/define-command"
. 
. Defining command \vmqty with sig. 'm' on line 73.
.................................................
.................................................
. LaTeX info: "xparse/define-command"
. 
. Defining command \matrixquantity with sig. '' on line 74.
.................................................
.................................................
. LaTeX info: "xparse/define-command"
. 
. Defining command \@matrixquantity with sig. ' s g o d() d|| ' on line 100.
.................................................
.................................................
. LaTeX info: "xparse/define-command"
. 
. Defining command \mqty with sig. '' on line 101.
.................................................
.................................................
. LaTeX info: "xparse/define-command"
. 
. Defining command \matrixdeterminant with sig. 'm' on line 102.
.................................................
.................................................
. LaTeX info: "xparse/define-command"
. 
. Defining command \mdet with sig. '' on line 103.
.................................................
.................................................
. LaTeX info: "xparse/define-command"
. 
. Defining command \spmqty with sig. 'm' on line 105.
.................................................
.................................................
. LaTeX info: "xparse/define-command"
. 
. Defining command \sPmqty with sig. 'm' on line 106.
.................................................
.................................................
. LaTeX info: "xparse/define-command"
. 
. Defining command \sbmqty with sig. 'm' on line 107.
.................................................
.................................................
. LaTeX info: "xparse/define-command"
. 
. Defining command \svmqty with sig. 'm' on line 108.
.................................................
.................................................
. LaTeX info: "xparse/define-command"
. 
. Defining command \smallmatrixquantity with sig. ' s g o d() d|| ' on line
. 133.
.................................................
.................................................
. LaTeX info: "xparse/define-command"
. 
. Defining command \smqty with sig. '' on line 134.
.................................................
.................................................
. LaTeX info: "xparse/define-command"
. 
. Defining command \smallmatrixdeterminant with sig. 'm' on line 135.
.................................................
.................................................
. LaTeX info: "xparse/define-command"
. 
. Defining command \smdet with sig. '' on line 136.
.................................................
.................................................
. LaTeX info: "xparse/define-command"
. 
. Defining command \argopen with sig. 's' on line 138.
.................................................
.................................................
. LaTeX info: "xparse/define-command"
. 
. Defining command \argclose with sig. 's' on line 139.
.................................................
.................................................
. LaTeX info: "xparse/define-command"
. 
. Defining command \braces with sig. '' on line 141.
.................................................
.................................................
. LaTeX info: "xparse/define-command"
. 
. Defining command \@braces with sig. ' s t\big t\Big t\bigg t\Bigg m m m ' on
. line 156.
.................................................
.................................................
. LaTeX info: "xparse/define-command"
. 
. Defining command \fbraces with sig. ' s t\big t\Big t\bigg t\Bigg m m m m '
. on line 174.
.................................................
.................................................
. LaTeX info: "xparse/define-command"
. 
. Defining command \absolutevalue with sig. ' l m ' on line 176.
.................................................
.................................................
. LaTeX info: "xparse/define-command"
. 
. Defining command \abs with sig. '' on line 177.
.................................................
.................................................
. LaTeX info: "xparse/define-command"
. 
. Defining command \norm with sig. ' l m ' on line 178.
.................................................
.................................................
. LaTeX info: "xparse/define-command"
. 
. Defining command \order with sig. ' l m ' on line 179.
.................................................
.................................................
. LaTeX info: "xparse/define-command"
. 
. Defining command \evaluated with sig. ' s g d[| d(| ' on line 194.
.................................................
.................................................
. LaTeX info: "xparse/define-command"
. 
. Defining command \eval with sig. '' on line 195.
.................................................
.................................................
. LaTeX info: "xparse/define-command"
. 
. Defining command \poissonbracket with sig. ' l m m ' on line 197.
.................................................
.................................................
. LaTeX info: "xparse/define-command"
. 
. Defining command \pb with sig. '' on line 198.
.................................................
.................................................
. LaTeX info: "xparse/define-command"
. 
. Defining command \commutator with sig. ' l m m ' on line 201.
.................................................
.................................................
. LaTeX info: "xparse/define-command"
. 
. Defining command \comm with sig. '' on line 202.
.................................................
.................................................
. LaTeX info: "xparse/define-command"
. 
. Defining command \anticommutator with sig. ' l m m ' on line 203.
.................................................
.................................................
. LaTeX info: "xparse/define-command"
. 
. Defining command \acommutator with sig. '' on line 204.
.................................................
.................................................
. LaTeX info: "xparse/define-command"
. 
. Defining command \acomm with sig. '' on line 205.
.................................................
.................................................
. LaTeX info: "xparse/define-command"
. 
. Defining command \vectorbold with sig. ' s m ' on line 208.
.................................................
.................................................
. LaTeX info: "xparse/define-command"
. 
. Defining command \vb with sig. '' on line 209.
.................................................
.................................................
. LaTeX info: "xparse/define-command"
. 
. Defining command \vectorarrow with sig. ' s m ' on line 211.
.................................................
.................................................
. LaTeX info: "xparse/define-command"
. 
. Defining command \va with sig. '' on line 212.
.................................................
.................................................
. LaTeX info: "xparse/define-command"
. 
. Defining command \vectorunit with sig. ' s m ' on line 214.
.................................................
.................................................
. LaTeX info: "xparse/define-command"
. 
. Defining command \vu with sig. '' on line 215.
.................................................
.................................................
. LaTeX info: "xparse/define-command"
. 
. Defining command \dotproduct with sig. '' on line 217.
.................................................
.................................................
. LaTeX info: "xparse/define-command"
. 
. Defining command \vdot with sig. '' on line 218.
.................................................
.................................................
. LaTeX info: "xparse/define-command"
. 
. Defining command \crossproduct with sig. '' on line 220.
.................................................
.................................................
. LaTeX info: "xparse/define-command"
. 
. Defining command \cross with sig. '' on line 221.
.................................................
.................................................
. LaTeX info: "xparse/define-command"
. 
. Defining command \cp with sig. '' on line 222.
.................................................
.................................................
. LaTeX info: "xparse/define-command"
. 
. Defining command \gradient with sig. ' g o d() ' on line 232.
.................................................
.................................................
. LaTeX info: "xparse/define-command"
. 
. Defining command \grad with sig. '' on line 233.
.................................................
.................................................
. LaTeX info: "xparse/define-command"
. 
. Defining command \divergence with sig. ' g o d() ' on line 243.
.................................................
.................................................
. LaTeX info: "xparse/define-command"
. 
. Defining command \div with sig. '' on line 246.
.................................................
.................................................
. LaTeX info: "xparse/define-command"
. 
. Defining command \curl with sig. ' g o d() ' on line 256.
.................................................
.................................................
. LaTeX info: "xparse/define-command"
. 
. Defining command \laplacian with sig. ' g o d() ' on line 266.
.................................................
.................................................
. LaTeX info: "xparse/define-command"
. 
. Defining command \principalvalue with sig. 'g' on line 274.
.................................................
.................................................
. LaTeX info: "xparse/define-command"
. 
. Defining command \pv with sig. '' on line 275.
.................................................
.................................................
. LaTeX info: "xparse/define-command"
. 
. Defining command \PV with sig. 'g' on line 276.
.................................................
.................................................
. LaTeX info: "xparse/redefine-command"
. 
. Redefining command \Re with sig. 'g' on line 277.
.................................................
.................................................
. LaTeX info: "xparse/redefine-command"
. 
. Redefining command \Im with sig. 'g' on line 278.
.................................................
.................................................
. LaTeX info: "xparse/define-command"
. 
. Defining command \opbraces with sig. ' m g o d() ' on line 299.
.................................................
.................................................
. LaTeX info: "xparse/define-command"
. 
. Defining command \trigbraces with sig. ' m o d() ' on line 305.
.................................................
.................................................
. LaTeX info: "xparse/redefine-command"
. 
. Redefining command \sin with sig. '' on line 309.
.................................................
.................................................
. LaTeX info: "xparse/redefine-command"
. 
. Redefining command \cos with sig. '' on line 310.
.................................................
.................................................
. LaTeX info: "xparse/redefine-command"
. 
. Redefining command \tan with sig. '' on line 311.
.................................................
.................................................
. LaTeX info: "xparse/redefine-command"
. 
. Redefining command \csc with sig. '' on line 312.
.................................................
.................................................
. LaTeX info: "xparse/redefine-command"
. 
. Redefining command \sec with sig. '' on line 313.
.................................................
.................................................
. LaTeX info: "xparse/redefine-command"
. 
. Redefining command \cot with sig. '' on line 314.
.................................................
.................................................
. LaTeX info: "xparse/redefine-command"
. 
. Redefining command \arcsin with sig. '' on line 316.
.................................................
.................................................
. LaTeX info: "xparse/redefine-command"
. 
. Redefining command \arccos with sig. '' on line 317.
.................................................
.................................................
. LaTeX info: "xparse/redefine-command"
. 
. Redefining command \arctan with sig. '' on line 318.
.................................................
.................................................
. LaTeX info: "xparse/define-command"
. 
. Defining command \arccsc with sig. '' on line 320.
.................................................
.................................................
. LaTeX info: "xparse/define-command"
. 
. Defining command \arcsec with sig. '' on line 322.
.................................................
.................................................
. LaTeX info: "xparse/define-command"
. 
. Defining command \arccot with sig. '' on line 324.
.................................................
.................................................
. LaTeX info: "xparse/define-command"
. 
. Defining command \asin with sig. '' on line 327.
.................................................
.................................................
. LaTeX info: "xparse/define-command"
. 
. Defining command \acos with sig. '' on line 329.
.................................................
.................................................
. LaTeX info: "xparse/define-command"
. 
. Defining command \atan with sig. '' on line 331.
.................................................
.................................................
. LaTeX info: "xparse/define-command"
. 
. Defining command \acsc with sig. '' on line 333.
.................................................
.................................................
. LaTeX info: "xparse/define-command"
. 
. Defining command \asec with sig. '' on line 335.
.................................................
.................................................
. LaTeX info: "xparse/define-command"
. 
. Defining command \acot with sig. '' on line 337.
.................................................
.................................................
. LaTeX info: "xparse/redefine-command"
. 
. Redefining command \sinh with sig. '' on line 339.
.................................................
.................................................
. LaTeX info: "xparse/redefine-command"
. 
. Redefining command \cosh with sig. '' on line 340.
.................................................
.................................................
. LaTeX info: "xparse/redefine-command"
. 
. Redefining command \tanh with sig. '' on line 341.
.................................................
.................................................
. LaTeX info: "xparse/define-command"
. 
. Defining command \csch with sig. '' on line 343.
.................................................
.................................................
. LaTeX info: "xparse/define-command"
. 
. Defining command \sech with sig. '' on line 345.
.................................................
.................................................
. LaTeX info: "xparse/redefine-command"
. 
. Redefining command \coth with sig. '' on line 346.
.................................................
.................................................
. LaTeX info: "xparse/redefine-command"
. 
. Redefining command \exp with sig. '' on line 348.
.................................................
.................................................
. LaTeX info: "xparse/redefine-command"
. 
. Redefining command \log with sig. '' on line 349.
.................................................
.................................................
. LaTeX info: "xparse/redefine-command"
. 
. Redefining command \ln with sig. '' on line 350.
.................................................
.................................................
. LaTeX info: "xparse/redefine-command"
. 
. Redefining command \det with sig. '' on line 351.
.................................................
.................................................
. LaTeX info: "xparse/redefine-command"
. 
. Redefining command \Pr with sig. '' on line 352.
.................................................
.................................................
. LaTeX info: "xparse/define-command"
. 
. Defining command \tr with sig. '' on line 353.
.................................................
.................................................
. LaTeX info: "xparse/define-command"
. 
. Defining command \Tr with sig. '' on line 354.
.................................................
.................................................
. LaTeX info: "xparse/define-command"
. 
. Defining command \Res with sig. '' on line 355.
.................................................
.................................................
. LaTeX info: "xparse/define-command"
. 
. Defining command \qqtext with sig. ' s m ' on line 377.
.................................................
.................................................
. LaTeX info: "xparse/define-command"
. 
. Defining command \qq with sig. '' on line 378.
.................................................
.................................................
. LaTeX info: "xparse/define-command"
. 
. Defining command \qcomma with sig. '' on line 380.
.................................................
.................................................
. LaTeX info: "xparse/define-command"
. 
. Defining command \qc with sig. '' on line 381.
.................................................
.................................................
. LaTeX info: "xparse/define-command"
. 
. Defining command \qif with sig. 's' on line 383.
.................................................
.................................................
. LaTeX info: "xparse/define-command"
. 
. Defining command \qthen with sig. 's' on line 384.
.................................................
.................................................
. LaTeX info: "xparse/define-command"
. 
. Defining command \qelse with sig. 's' on line 385.
.................................................
.................................................
. LaTeX info: "xparse/define-command"
. 
. Defining command \qotherwise with sig. 's' on line 386.
.................................................
.................................................
. LaTeX info: "xparse/define-command"
. 
. Defining command \qunless with sig. 's' on line 387.
.................................................
.................................................
. LaTeX info: "xparse/define-command"
. 
. Defining command \qgiven with sig. 's' on line 388.
.................................................
.................................................
. LaTeX info: "xparse/define-command"
. 
. Defining command \qusing with sig. 's' on line 389.
.................................................
.................................................
. LaTeX info: "xparse/define-command"
. 
. Defining command \qassume with sig. 's' on line 390.
.................................................
.................................................
. LaTeX info: "xparse/define-command"
. 
. Defining command \qsince with sig. 's' on line 391.
.................................................
.................................................
. LaTeX info: "xparse/define-command"
. 
. Defining command \qlet with sig. 's' on line 392.
.................................................
.................................................
. LaTeX info: "xparse/define-command"
. 
. Defining command \qfor with sig. 's' on line 393.
.................................................
.................................................
. LaTeX info: "xparse/define-command"
. 
. Defining command \qall with sig. 's' on line 394.
.................................................
.................................................
. LaTeX info: "xparse/define-command"
. 
. Defining command \qeven with sig. 's' on line 395.
.................................................
.................................................
. LaTeX info: "xparse/define-command"
. 
. Defining command \qodd with sig. 's' on line 396.
.................................................
.................................................
. LaTeX info: "xparse/define-command"
. 
. Defining command \qinteger with sig. 's' on line 397.
.................................................
.................................................
. LaTeX info: "xparse/define-command"
. 
. Defining command \qand with sig. 's' on line 398.
.................................................
.................................................
. LaTeX info: "xparse/define-command"
. 
. Defining command \qor with sig. 's' on line 399.
.................................................
.................................................
. LaTeX info: "xparse/define-command"
. 
. Defining command \qas with sig. 's' on line 400.
.................................................
.................................................
. LaTeX info: "xparse/define-command"
. 
. Defining command \qin with sig. 's' on line 401.
.................................................
.................................................
. LaTeX info: "xparse/define-command"
. 
. Defining command \qcc with sig. 's' on line 402.
.................................................
.................................................
. LaTeX info: "xparse/define-command"
. 
. Defining command \differential with sig. ' o g d() ' on line 415.
.................................................
.................................................
. LaTeX info: "xparse/define-command"
. 
. Defining command \dd with sig. '' on line 416.
.................................................
.................................................
. LaTeX info: "xparse/define-command"
. 
. Defining command \derivative with sig. ' s o m g d() ' on line 435.
.................................................
.................................................
. LaTeX info: "xparse/define-command"
. 
. Defining command \dv with sig. '' on line 436.
.................................................
.................................................
. LaTeX info: "xparse/define-command"
. 
. Defining command \partialderivative with sig. ' s o m g g d() ' on line 460.
.................................................
.................................................
. LaTeX info: "xparse/define-command"
. 
. Defining command \pderivative with sig. '' on line 461.
.................................................
.................................................
. LaTeX info: "xparse/define-command"
. 
. Defining command \pdv with sig. '' on line 462.
.................................................
.................................................
. LaTeX info: "xparse/define-command"
. 
. Defining command \variation with sig. ' o g d() ' on line 474.
.................................................
.................................................
. LaTeX info: "xparse/define-command"
. 
. Defining command \var with sig. '' on line 475.
.................................................
.................................................
. LaTeX info: "xparse/define-command"
. 
. Defining command \functionalderivative with sig. ' s o m g d() ' on line
. 494.
.................................................
.................................................
. LaTeX info: "xparse/define-command"
. 
. Defining command \fderivative with sig. '' on line 495.
.................................................
.................................................
. LaTeX info: "xparse/define-command"
. 
. Defining command \fdv with sig. '' on line 496.
.................................................
.................................................
. LaTeX info: "xparse/define-command"
. 
. Defining command \bra with sig. ' s m t\ket s g ' on line 526.
.................................................
.................................................
. LaTeX info: "xparse/define-command"
. 
. Defining command \ket with sig. ' s m ' on line 533.
.................................................
.................................................
. LaTeX info: "xparse/define-command"
. 
. Defining command \innerproduct with sig. ' s m g ' on line 548.
.................................................
.................................................
. LaTeX info: "xparse/define-command"
. 
. Defining command \braket with sig. '' on line 549.
.................................................
.................................................
. LaTeX info: "xparse/define-command"
. 
. Defining command \ip with sig. '' on line 550.
.................................................
.................................................
. LaTeX info: "xparse/define-command"
. 
. Defining command \outerproduct with sig. ' s m g ' on line 565.
.................................................
.................................................
. LaTeX info: "xparse/define-command"
. 
. Defining command \dyad with sig. '' on line 566.
.................................................
.................................................
. LaTeX info: "xparse/define-command"
. 
. Defining command \op with sig. '' on line 567.
.................................................
.................................................
. LaTeX info: "xparse/define-command"
. 
. Defining command \ketbra with sig. '' on line 568.
.................................................
.................................................
. LaTeX info: "xparse/define-command"
. 
. Defining command \expectationvalue with sig. ' s s m g ' on line 587.
.................................................
.................................................
. LaTeX info: "xparse/define-command"
. 
. Defining command \expval with sig. '' on line 588.
.................................................
.................................................
. LaTeX info: "xparse/define-command"
. 
. Defining command \ev with sig. '' on line 589.
.................................................
.................................................
. LaTeX info: "xparse/define-command"
. 
. Defining command \vev with sig. ' m ' on line 590.
.................................................
.................................................
. LaTeX info: "xparse/define-command"
. 
. Defining command \matrixelement with sig. ' s s m m m ' on line 601.
.................................................
.................................................
. LaTeX info: "xparse/define-command"
. 
. Defining command \matrixel with sig. '' on line 602.
.................................................
.................................................
. LaTeX info: "xparse/define-command"
. 
. Defining command \mel with sig. '' on line 603.
.................................................
.................................................
. LaTeX info: "xparse/define-command"
. 
. Defining command \identitymatrix with sig. 'm' on line 633.
.................................................
.................................................
. LaTeX info: "xparse/define-command"
. 
. Defining command \imat with sig. '' on line 634.
.................................................
.................................................
. LaTeX info: "xparse/define-command"
. 
. Defining command \xmatrix with sig. ' s m m m ' on line 659.
.................................................
.................................................
. LaTeX info: "xparse/define-command"
. 
. Defining command \xmat with sig. '' on line 660.
.................................................
.................................................
. LaTeX info: "xparse/define-command"
. 
. Defining command \zeromatrix with sig. ' m g ' on line 662.
.................................................
.................................................
. LaTeX info: "xparse/define-command"
. 
. Defining command \zmat with sig. '' on line 663.
.................................................
.................................................
. LaTeX info: "xparse/define-command"
. 
. Defining command \paulixmatrix with sig. '' on line 665.
.................................................
.................................................
. LaTeX info: "xparse/define-command"
. 
. Defining command \pauliymatrix with sig. '' on line 666.
.................................................
.................................................
. LaTeX info: "xparse/define-command"
. 
. Defining command \paulizmatrix with sig. '' on line 667.
.................................................
.................................................
. LaTeX info: "xparse/define-command"
. 
. Defining command \paulimatrix with sig. 'm' on line 678.
.................................................
.................................................
. LaTeX info: "xparse/define-command"
. 
. Defining command \pmat with sig. '' on line 679.
.................................................
.................................................
. LaTeX info: "xparse/define-command"
. 
. Defining command \diagonalmatrix with sig. 'O{} >{\SplitList {,}}m ' on line
. 681.
.................................................
.................................................
. LaTeX info: "xparse/define-command"
. 
. Defining command \@dmat with sig. 'mmggggggg' on line 714.
.................................................
.................................................
. LaTeX info: "xparse/define-command"
. 
. Defining command \dmat with sig. '' on line 715.
.................................................
.................................................
. LaTeX info: "xparse/define-command"
. 
. Defining command \antidiagonalmatrix with sig. 'O{} >{\SplitList {,}}m ' on
. line 717.
.................................................
.................................................
. LaTeX info: "xparse/define-command"
. 
. Defining command \@admat with sig. 'mmggggggg' on line 750.
.................................................
.................................................
. LaTeX info: "xparse/define-command"
. 
. Defining command \admat with sig. '' on line 751.
.................................................
.................................................
. LaTeX info: "xparse/define-command"
. 
. Defining command \flatfrac with sig. ' m m ' on line 754.
.................................................
.................................................
. LaTeX info: "xparse/define-command"
. 
. Defining command \homework with sig. '' on line 764.
.................................................
)
(/usr/share/texlive/texmf-dist/tex/latex/doublestroke/dsfont.sty
Package: dsfont 1995/08/01 v0.1 Double stroke roman fonts
)
(/usr/share/texlive/texmf-dist/tex/latex/was/upgreek.sty
Package: upgreek 2003/02/12 v2.0 (WaS)
Package upgreek Info: Using Euler Roman for upright Greek on input line 31.
\symugrf@m=\mathgroup6
LaTeX Font Info:    Overwriting symbol font `ugrf@m' in version `bold'
(Font)                  U/eur/m/n --> U/eur/b/n on input line 38.
)
(/usr/share/texlive/texmf-dist/tex/latex/siunitx/siunitx.sty
Package: siunitx 2016/03/01 v2.6q A comprehensive (SI) units package

(/usr/share/texlive/texmf-dist/tex/latex/tools/array.sty
Package: array 2014/10/28 v2.4c Tabular extension package (FMi)
\col@sep=\dimen154
\extrarowheight=\dimen155
\NC@list=\toks30
\extratabsurround=\skip59
\backup@length=\skip60
)
(/usr/share/texlive/texmf-dist/tex/latex/l3packages/l3keys2e/l3keys2e.sty
Package: l3keys2e 2016/05/18 v6512 LaTeX2e option processing using LaTeX3 keys
)
\l__siunitx_tmp_box=\box71
\l__siunitx_tmp_dim=\dimen156
\l__siunitx_tmp_int=\count139
\l__siunitx_number_mantissa_length_int=\count140
\l__siunitx_number_uncert_length_int=\count141
\l__siunitx_round_int=\count142
\l__siunitx_process_decimal_int=\count143
\l__siunitx_process_uncertainty_int=\count144
\l__siunitx_process_fixed_int=\count145
\l__siunitx_process_integer_min_int=\count146
\l__siunitx_process_precision_int=\count147
\l__siunitx_group_min_int=\count148
\l__siunitx_angle_marker_box=\box72
\l__siunitx_angle_unit_box=\box73
\l__siunitx_angle_marker_dim=\dimen157
\l__siunitx_angle_unit_dim=\dimen158
\l__siunitx_unit_int=\count149
\l__siunitx_unit_denominator_int=\count150
\l__siunitx_unit_numerator_int=\count151
\l__siunitx_unit_prefix_int=\count152
\l__siunitx_unit_prefix_base_int=\count153
\l__siunitx_unit_prefix_gram_int=\count154
\l__siunitx_number_product_int=\count155
\c__siunitx_one_fill_skip=\skip61
\l__siunitx_table_unit_align_skip=\skip62
\l__siunitx_table_exponent_dim=\dimen159
\l__siunitx_table_integer_dim=\dimen160
\l__siunitx_table_mantissa_dim=\dimen161
\l__siunitx_table_marker_dim=\dimen162
\l__siunitx_table_result_dim=\dimen163
\l__siunitx_table_uncert_dim=\dimen164
\l__siunitx_table_fill_pre_dim=\dimen165
\l__siunitx_table_fill_post_dim=\dimen166
\l__siunitx_table_fill_mid_dim=\dimen167
\l__siunitx_table_pre_box=\box74
\l__siunitx_table_post_box=\box75
\l__siunitx_table_mantissa_box=\box76
\l__siunitx_table_result_box=\box77
\l__siunitx_table_number_align_skip=\skip63
\l__siunitx_table_text_align_skip=\skip64
.................................................
. LaTeX info: "xparse/define-command"
. 
. Defining command \DeclareBinaryPrefix with sig. 'mmm' on line 7218.
.................................................
.................................................
. LaTeX info: "xparse/define-command"
. 
. Defining command \DeclareSIPostPower with sig. 'mm' on line 7221.
.................................................
.................................................
. LaTeX info: "xparse/define-command"
. 
. Defining command \DeclareSIPrefix with sig. 'mmm' on line 7224.
.................................................
.................................................
. LaTeX info: "xparse/define-command"
. 
. Defining command \DeclareSIPrePower with sig. 'mm' on line 7227.
.................................................
.................................................
. LaTeX info: "xparse/define-command"
. 
. Defining command \DeclareSIQualifier with sig. 'mm' on line 7230.
.................................................
.................................................
. LaTeX info: "xparse/define-command"
. 
. Defining command \DeclareSIUnit with sig. 'O{}mm' on line 7233.
.................................................
.................................................
. LaTeX info: "xparse/define-command"
. 
. Defining command \DeclareSIUnitWithOptions with sig. 'mmm' on line 7236.
.................................................
.................................................
. LaTeX info: "xparse/define-command"
. 
. Defining command \ang with sig. 'o>{\SplitArgument {2}{;}}m' on line 7251.
.................................................
.................................................
. LaTeX info: "xparse/define-command"
. 
. Defining command \num with sig. 'om' on line 7260.
.................................................
.................................................
. LaTeX info: "xparse/define-command"
. 
. Defining command \numlist with sig. 'o>{\SplitList {;}}m' on line 7269.
.................................................
.................................................
. LaTeX info: "xparse/define-command"
. 
. Defining command \numrange with sig. 'omm' on line 7278.
.................................................
.................................................
. LaTeX info: "xparse/define-command"
. 
. Defining command \SIlist with sig. 'o>{\SplitList {;}}mm' on line 7290.
.................................................
.................................................
. LaTeX info: "xparse/define-command"
. 
. Defining command \SIrange with sig. 'ommm' on line 7302.
.................................................
.................................................
. LaTeX info: "xparse/define-command"
. 
. Defining command \SI with sig. 'omom' on line 7314.
.................................................
.................................................
. LaTeX info: "xparse/define-command"
. 
. Defining command \sisetup with sig. 'm' on line 7317.
.................................................
.................................................
. LaTeX info: "xparse/define-command"
. 
. Defining command \tablenum with sig. 'om' on line 7332.
.................................................
.................................................
. LaTeX info: "xparse/define-command"
. 
. Defining command \si with sig. 'om' on line 7344.
.................................................
.................................................
. LaTeX info: "xparse/define-command"
. 
. Defining command \__siunitx_bookmark_num:w with sig. 'om' on line 7391.
.................................................
.................................................
. LaTeX info: "xparse/define-command"
. 
. Defining command \__siunitx_bookmark_numrange:w with sig. 'omm' on line
. 7393.
.................................................
.................................................
. LaTeX info: "xparse/define-command"
. 
. Defining command \__siunitx_bookmark_SI:w with sig. 'omom' on line 7395.
.................................................
.................................................
. LaTeX info: "xparse/define-command"
. 
. Defining command \__siunitx_bookmark_SIlist:w with sig. 'omm' on line 7397.
.................................................
.................................................
. LaTeX info: "xparse/define-command"
. 
. Defining command \__siunitx_bookmark_SIrange:w with sig. 'ommm' on line
. 7399.
.................................................
.................................................
. LaTeX info: "xparse/define-command"
. 
. Defining command \__siunitx_bookmark_si:w with sig. 'om' on line 7400.
.................................................
\g__file_internal_ior=\read1

(/usr/share/texlive/texmf-dist/tex/latex/beamer/translator/translator.sty
Package: translator 2010/06/12 ver 1.10

(/usr/share/texlive/texmf-dist/tex/latex/graphics/keyval.sty
Package: keyval 2014/10/28 v1.15 key=value parser (DPC)
\KV@toks@=\toks31
)
(/usr/share/texlive/texmf-dist/tex/latex/beamer/translator/translator-language-
mappings.tex))) (/usr/share/texlive/texmf-dist/tex/latex/graphics/graphicx.sty
Package: graphicx 2014/10/28 v1.0g Enhanced LaTeX Graphics (DPC,SPQR)

(/usr/share/texlive/texmf-dist/tex/latex/graphics/graphics.sty
Package: graphics 2016/07/10 v1.0t Standard LaTeX Graphics (DPC,SPQR)

(/usr/share/texlive/texmf-dist/tex/latex/graphics/trig.sty
Package: trig 2016/01/03 v1.10 sin cos tan (DPC)
)
(/usr/share/texlive/texmf-dist/tex/latex/graphics-cfg/graphics.cfg
File: graphics.cfg 2016/06/04 v1.11 sample graphics configuration
)
Package graphics Info: Driver file: pdftex.def on input line 99.

(/usr/share/texlive/texmf-dist/tex/latex/graphics-def/pdftex.def
File: pdftex.def 2016/07/10 v0.06j Graphics/color for pdfTeX

(/usr/share/texlive/texmf-dist/tex/generic/oberdiek/infwarerr.sty
Package: infwarerr 2016/05/16 v1.4 Providing info/warning/error messages (HO)
)
(/usr/share/texlive/texmf-dist/tex/generic/oberdiek/ltxcmds.sty
Package: ltxcmds 2016/05/16 v1.23 LaTeX kernel commands for general use (HO)
)
\Gread@gobject=\count156
))
\Gin@req@height=\dimen168
\Gin@req@width=\dimen169
)
(/usr/share/texlive/texmf-dist/tex/latex/oberdiek/epstopdf.sty
Package: epstopdf 2016/05/15 v2.6 Conversion with epstopdf on the fly (HO)

(/usr/share/texlive/texmf-dist/tex/latex/oberdiek/epstopdf-base.sty
Package: epstopdf-base 2016/05/15 v2.6 Base part for package epstopdf

(/usr/share/texlive/texmf-dist/tex/latex/oberdiek/grfext.sty
Package: grfext 2016/05/16 v1.2 Manage graphics extensions (HO)

(/usr/share/texlive/texmf-dist/tex/generic/oberdiek/kvdefinekeys.sty
Package: kvdefinekeys 2016/05/16 v1.4 Define keys (HO)
))
(/usr/share/texlive/texmf-dist/tex/latex/oberdiek/kvoptions.sty
Package: kvoptions 2016/05/16 v3.12 Key value format for package options (HO)

(/usr/share/texlive/texmf-dist/tex/generic/oberdiek/kvsetkeys.sty
Package: kvsetkeys 2016/05/16 v1.17 Key value parser (HO)

(/usr/share/texlive/texmf-dist/tex/generic/oberdiek/etexcmds.sty
Package: etexcmds 2016/05/16 v1.6 Avoid name clashes with e-TeX commands (HO)

(/usr/share/texlive/texmf-dist/tex/generic/oberdiek/ifluatex.sty
Package: ifluatex 2016/05/16 v1.4 Provides the ifluatex switch (HO)
Package ifluatex Info: LuaTeX not detected.
)
Package etexcmds Info: Could not find \expanded.
(etexcmds)             That can mean that you are not using pdfTeX 1.50 or
(etexcmds)             that some package has redefined \expanded.
(etexcmds)             In the latter case, load this package earlier.
)))
(/usr/share/texlive/texmf-dist/tex/generic/oberdiek/pdftexcmds.sty
Package: pdftexcmds 2016/05/21 v0.22 Utility functions of pdfTeX for LuaTeX (HO
)

(/usr/share/texlive/texmf-dist/tex/generic/oberdiek/ifpdf.sty
Package: ifpdf 2016/05/14 v3.1 Provides the ifpdf switch
)
Package pdftexcmds Info: LuaTeX not detected.
Package pdftexcmds Info: \pdf@primitive is available.
Package pdftexcmds Info: \pdf@ifprimitive is available.
Package pdftexcmds Info: \pdfdraftmode found.
)
Package epstopdf-base Info: Redefining graphics rule for `.eps' on input line 4
38.
Package grfext Info: Graphics extension search list:
(grfext)             [.png,.pdf,.jpg,.mps,.jpeg,.jbig2,.jb2,.PNG,.PDF,.JPG,.JPE
G,.JBIG2,.JB2,.eps]
(grfext)             \AppendGraphicsExtensions on input line 456.

(/usr/share/texlive/texmf-dist/tex/latex/latexconfig/epstopdf-sys.cfg
File: epstopdf-sys.cfg 2010/07/13 v1.3 Configuration of (r)epstopdf for TeX Liv
e
)))
(/usr/share/texlive/texmf-dist/tex/latex/float/float.sty
Package: float 2001/11/08 v1.3d Float enhancements (AL)
\c@float@type=\count157
\float@exts=\toks32
\float@box=\box78
\@float@everytoks=\toks33
\@floatcapt=\box79
)
(/usr/share/texlive/texmf-dist/tex/latex/caption/subcaption.sty
Package: subcaption 2016/05/22 v1.1-161 Sub-captions (AR)

(/usr/share/texlive/texmf-dist/tex/latex/caption/caption.sty
Package: caption 2016/02/21 v3.3-144 Customizing captions (AR)

(/usr/share/texlive/texmf-dist/tex/latex/caption/caption3.sty
Package: caption3 2016/05/22 v1.7-166 caption3 kernel (AR)
Package caption3 Info: TeX engine: e-TeX on input line 67.
\captionmargin=\dimen170
\captionmargin@=\dimen171
\captionwidth=\dimen172
\caption@tempdima=\dimen173
\caption@indent=\dimen174
\caption@parindent=\dimen175
\caption@hangindent=\dimen176
)
\c@ContinuedFloat=\count158
Package caption Info: float package is loaded.
)
\c@subfigure=\count159
\c@subtable=\count160
)
(/usr/share/texlive/texmf-dist/tex/latex/hyperref/hyperref.sty
Package: hyperref 2016/06/24 v6.83q Hypertext links for LaTeX

(/usr/share/texlive/texmf-dist/tex/generic/oberdiek/hobsub-hyperref.sty
Package: hobsub-hyperref 2016/05/16 v1.14 Bundle oberdiek, subset hyperref (HO)


(/usr/share/texlive/texmf-dist/tex/generic/oberdiek/hobsub-generic.sty
Package: hobsub-generic 2016/05/16 v1.14 Bundle oberdiek, subset generic (HO)
Package: hobsub 2016/05/16 v1.14 Construct package bundles (HO)
Package hobsub Info: Skipping package `infwarerr' (already loaded).
Package hobsub Info: Skipping package `ltxcmds' (already loaded).
Package hobsub Info: Skipping package `ifluatex' (already loaded).
Package: ifvtex 2016/05/16 v1.6 Detect VTeX and its facilities (HO)
Package ifvtex Info: VTeX not detected.
Package: intcalc 2016/05/16 v1.2 Expandable calculations with integers (HO)
Package hobsub Info: Skipping package `ifpdf' (already loaded).
Package hobsub Info: Skipping package `etexcmds' (already loaded).
Package hobsub Info: Skipping package `kvsetkeys' (already loaded).
Package hobsub Info: Skipping package `kvdefinekeys' (already loaded).
Package hobsub Info: Skipping package `pdftexcmds' (already loaded).
Package: pdfescape 2016/05/16 v1.14 Implements pdfTeX's escape features (HO)
Package: bigintcalc 2016/05/16 v1.4 Expandable calculations on big integers (HO
)
Package: bitset 2016/05/16 v1.2 Handle bit-vector datatype (HO)
Package: uniquecounter 2016/05/16 v1.3 Provide unlimited unique counter (HO)
)
Package hobsub Info: Skipping package `hobsub' (already loaded).
Package: letltxmacro 2016/05/16 v1.5 Let assignment for LaTeX macros (HO)
Package: hopatch 2016/05/16 v1.3 Wrapper for package hooks (HO)
Package: xcolor-patch 2016/05/16 xcolor patch
Package: atveryend 2016/05/16 v1.9 Hooks at the very end of document (HO)
Package atveryend Info: \enddocument detected (standard20110627).
Package: atbegshi 2016/06/09 v1.18 At begin shipout hook (HO)
Package: refcount 2016/05/16 v3.5 Data extraction from label references (HO)
Package: hycolor 2016/05/16 v1.8 Color options for hyperref/bookmark (HO)
)
(/usr/share/texlive/texmf-dist/tex/generic/ifxetex/ifxetex.sty
Package: ifxetex 2010/09/12 v0.6 Provides ifxetex conditional
)
(/usr/share/texlive/texmf-dist/tex/latex/oberdiek/auxhook.sty
Package: auxhook 2016/05/16 v1.4 Hooks for auxiliary files (HO)
)
\@linkdim=\dimen177
\Hy@linkcounter=\count161
\Hy@pagecounter=\count162

(/usr/share/texlive/texmf-dist/tex/latex/hyperref/pd1enc.def
File: pd1enc.def 2016/06/24 v6.83q Hyperref: PDFDocEncoding definition (HO)
Now handling font encoding PD1 ...
... no UTF-8 mapping file for font encoding PD1
)
\Hy@SavedSpaceFactor=\count163

(/usr/share/texlive/texmf-dist/tex/latex/latexconfig/hyperref.cfg
File: hyperref.cfg 2002/06/06 v1.2 hyperref configuration of TeXLive
)
Package hyperref Info: Hyper figures OFF on input line 4486.
Package hyperref Info: Link nesting OFF on input line 4491.
Package hyperref Info: Hyper index ON on input line 4494.
Package hyperref Info: Plain pages OFF on input line 4501.
Package hyperref Info: Backreferencing OFF on input line 4506.
Package hyperref Info: Implicit mode ON; LaTeX internals redefined.
Package hyperref Info: Bookmarks ON on input line 4735.
\c@Hy@tempcnt=\count164

(/usr/share/texlive/texmf-dist/tex/latex/url/url.sty
\Urlmuskip=\muskip17
Package: url 2013/09/16  ver 3.4  Verb mode for urls, etc.
)
LaTeX Info: Redefining \url on input line 5088.
\XeTeXLinkMargin=\dimen178
\Fld@menulength=\count165
\Field@Width=\dimen179
\Fld@charsize=\dimen180
Package hyperref Info: Hyper figures OFF on input line 6342.
Package hyperref Info: Link nesting OFF on input line 6347.
Package hyperref Info: Hyper index ON on input line 6350.
Package hyperref Info: backreferencing OFF on input line 6357.
Package hyperref Info: Link coloring OFF on input line 6362.
Package hyperref Info: Link coloring with OCG OFF on input line 6367.
Package hyperref Info: PDF/A mode OFF on input line 6372.
LaTeX Info: Redefining \ref on input line 6412.
LaTeX Info: Redefining \pageref on input line 6416.
\Hy@abspage=\count166
\c@Item=\count167
\c@Hfootnote=\count168
)

Package hyperref Message: Driver (autodetected): hpdftex.

(/usr/share/texlive/texmf-dist/tex/latex/hyperref/hpdftex.def
File: hpdftex.def 2016/06/24 v6.83q Hyperref driver for pdfTeX
\Fld@listcount=\count169
\c@bookmark@seq@number=\count170

(/usr/share/texlive/texmf-dist/tex/latex/oberdiek/rerunfilecheck.sty
Package: rerunfilecheck 2016/05/16 v1.8 Rerun checks for auxiliary files (HO)
Package uniquecounter Info: New unique counter `rerunfilecheck' on input line 2
82.
)
\Hy@SectionHShift=\skip65
))
(./Constancia.aux
LaTeX Info: Redefining \. on input line 20.
LaTeX Info: Redefining \% on input line 20.
)
\openout1 = `Constancia.aux'.

LaTeX Font Info:    Checking defaults for OML/cmm/m/it on input line 8.
LaTeX Font Info:    ... okay on input line 8.
LaTeX Font Info:    Checking defaults for T1/cmr/m/n on input line 8.
LaTeX Font Info:    ... okay on input line 8.
LaTeX Font Info:    Checking defaults for OT1/cmr/m/n on input line 8.
LaTeX Font Info:    ... okay on input line 8.
LaTeX Font Info:    Checking defaults for OMS/cmsy/m/n on input line 8.
LaTeX Font Info:    ... okay on input line 8.
LaTeX Font Info:    Checking defaults for OMX/cmex/m/n on input line 8.
LaTeX Font Info:    ... okay on input line 8.
LaTeX Font Info:    Checking defaults for U/cmr/m/n on input line 8.
LaTeX Font Info:    ... okay on input line 8.
LaTeX Font Info:    Checking defaults for PD1/pdf/m/n on input line 8.
LaTeX Font Info:    ... okay on input line 8.
LaTeX Info: Redefining \. on input line 8.
LaTeX Info: Redefining \% on input line 8.
Now handling font encoding TS1 ...
... processing UTF-8 mapping file for font encoding TS1
 (/usr/share/texlive/texmf-dist/tex/latex/base/ts1enc.dfu
File: ts1enc.dfu 2016/02/28 v1.1s UTF-8 support for inputenc
   defining Unicode char U+00A2 (decimal 162)
   defining Unicode char U+00A3 (decimal 163)
   defining Unicode char U+00A4 (decimal 164)
   defining Unicode char U+00A5 (decimal 165)
   defining Unicode char U+00A6 (decimal 166)
   defining Unicode char U+00A7 (decimal 167)
   defining Unicode char U+00A8 (decimal 168)
   defining Unicode char U+00A9 (decimal 169)
   defining Unicode char U+00AA (decimal 170)
   defining Unicode char U+00AC (decimal 172)
   defining Unicode char U+00AE (decimal 174)
   defining Unicode char U+00AF (decimal 175)
   defining Unicode char U+00B0 (decimal 176)
   defining Unicode char U+00B1 (decimal 177)
   defining Unicode char U+00B2 (decimal 178)
   defining Unicode char U+00B3 (decimal 179)
   defining Unicode char U+00B4 (decimal 180)
   defining Unicode char U+00B5 (decimal 181)
   defining Unicode char U+00B6 (decimal 182)
   defining Unicode char U+00B7 (decimal 183)
   defining Unicode char U+00B9 (decimal 185)
   defining Unicode char U+00BA (decimal 186)
   defining Unicode char U+00BC (decimal 188)
   defining Unicode char U+00BD (decimal 189)
   defining Unicode char U+00BE (decimal 190)
   defining Unicode char U+00D7 (decimal 215)
   defining Unicode char U+00F7 (decimal 247)
   defining Unicode char U+0192 (decimal 402)
   defining Unicode char U+02C7 (decimal 711)
   defining Unicode char U+02D8 (decimal 728)
   defining Unicode char U+02DD (decimal 733)
   defining Unicode char U+0E3F (decimal 3647)
   defining Unicode char U+2016 (decimal 8214)
   defining Unicode char U+2020 (decimal 8224)
   defining Unicode char U+2021 (decimal 8225)
   defining Unicode char U+2022 (decimal 8226)
   defining Unicode char U+2030 (decimal 8240)
   defining Unicode char U+2031 (decimal 8241)
   defining Unicode char U+203B (decimal 8251)
   defining Unicode char U+203D (decimal 8253)
   defining Unicode char U+2044 (decimal 8260)
   defining Unicode char U+204E (decimal 8270)
   defining Unicode char U+2052 (decimal 8274)
   defining Unicode char U+20A1 (decimal 8353)
   defining Unicode char U+20A4 (decimal 8356)
   defining Unicode char U+20A6 (decimal 8358)
   defining Unicode char U+20A9 (decimal 8361)
   defining Unicode char U+20AB (decimal 8363)
   defining Unicode char U+20AC (decimal 8364)
   defining Unicode char U+20B1 (decimal 8369)
   defining Unicode char U+2103 (decimal 8451)
   defining Unicode char U+2116 (decimal 8470)
   defining Unicode char U+2117 (decimal 8471)
   defining Unicode char U+211E (decimal 8478)
   defining Unicode char U+2120 (decimal 8480)
   defining Unicode char U+2122 (decimal 8482)
   defining Unicode char U+2126 (decimal 8486)
   defining Unicode char U+2127 (decimal 8487)
   defining Unicode char U+212E (decimal 8494)
   defining Unicode char U+2190 (decimal 8592)
   defining Unicode char U+2191 (decimal 8593)
   defining Unicode char U+2192 (decimal 8594)
   defining Unicode char U+2193 (decimal 8595)
   defining Unicode char U+2329 (decimal 9001)
   defining Unicode char U+232A (decimal 9002)
   defining Unicode char U+2422 (decimal 9250)
   defining Unicode char U+25E6 (decimal 9702)
   defining Unicode char U+25EF (decimal 9711)
   defining Unicode char U+266A (decimal 9834)
)
(/usr/share/texlive/texmf-dist/tex/latex/beamer/translator/dicts/translator-bas
ic-dictionary/translator-basic-dictionary-English.dict
Dictionary: translator-basic-dictionary, Language: English 
)
(/usr/share/texlive/texmf-dist/tex/latex/siunitx/siunitx-abbreviations.cfg
File: siunitx-abbreviations.cfg 2016/03/01 v2.6q siunitx: Abbreviated units
)
(/usr/share/texlive/texmf-dist/tex/context/base/mkii/supp-pdf.mkii
[Loading MPS to PDF converter (version 2006.09.02).]
\scratchcounter=\count171
\scratchdimen=\dimen181
\scratchbox=\box80
\nofMPsegments=\count172
\nofMParguments=\count173
\everyMPshowfont=\toks34
\MPscratchCnt=\count174
\MPscratchDim=\dimen182
\MPnumerator=\count175
\makeMPintoPDFobject=\count176
\everyMPtoPDFconversion=\toks35
)
Package caption Info: Begin \AtBeginDocument code.
Package caption Info: hyperref package is loaded.
Package caption Info: End \AtBeginDocument code.
\AtBeginShipoutBox=\box81
Package hyperref Info: Link coloring OFF on input line 8.
 (/usr/share/texlive/texmf-dist/tex/latex/hyperref/nameref.sty
Package: nameref 2016/05/21 v2.44 Cross-referencing by name of section

(/usr/share/texlive/texmf-dist/tex/generic/oberdiek/gettitlestring.sty
Package: gettitlestring 2016/05/16 v1.5 Cleanup title references (HO)
)
\c@section@level=\count177
)
LaTeX Info: Redefining \ref on input line 8.
LaTeX Info: Redefining \pageref on input line 8.
LaTeX Info: Redefining \nameref on input line 8.

(./Constancia.out) (./Constancia.out)
\@outlinefile=\write3
\openout3 = `Constancia.out'.

\c__siunitx_mathsf_int=\count178
LaTeX Font Info:    Try loading font information for U+msa on input line 8.

(/usr/share/texlive/texmf-dist/tex/latex/amsfonts/umsa.fd
File: umsa.fd 2013/01/14 v3.01 AMS symbols A
)
LaTeX Font Info:    Try loading font information for U+msb on input line 8.

(/usr/share/texlive/texmf-dist/tex/latex/amsfonts/umsb.fd
File: umsb.fd 2013/01/14 v3.01 AMS symbols B
)
\c__siunitx_mathtt_int=\count179
Package atveryend Info: Empty hook `BeforeClearDocument' on input line 37.
 [1

{/var/lib/texmf/fonts/map/pdftex/updmap/pdftex.map}]
Package atveryend Info: Empty hook `AfterLastShipout' on input line 37.
 (./Constancia.aux
LaTeX Info: Redefining \. on input line 20.
LaTeX Info: Redefining \% on input line 20.
)
Package atveryend Info: Executing hook `AtVeryEndDocument' on input line 37.
Package atveryend Info: Executing hook `AtEndAfterFileList' on input line 37.
Package rerunfilecheck Info: File `Constancia.out' has not changed.
(rerunfilecheck)             Checksum: D41D8CD98F00B204E9800998ECF8427E;0.
Package atveryend Info: Empty hook `AtVeryVeryEnd' on input line 37.
 ) 
Here is how much of TeX's memory you used:
 18456 strings out of 494883
 342734 string characters out of 6179094
 388564 words of memory out of 5000000
 21565 multiletter control sequences out of 15000+600000
 16017 words of font info for 63 fonts, out of 8000000 for 9000
 40 hyphenation exceptions out of 8191
 49i,6n,44p,10447b,729s stack positions out of 5000i,500n,10000p,200000b,80000s
</usr/share/texlive/texmf-dist/fonts/type1/public/amsfonts/cm/cmbx12.pfb></us
r/share/texlive/texmf-dist/fonts/type1/public/amsfonts/cm/cmr12.pfb></usr/share
/texlive/texmf-dist/fonts/type1/public/amsfonts/cm/cmr17.pfb>
Output written on Constancia.pdf (1 page, 37337 bytes).
PDF statistics:
 25 PDF objects out of 1000 (max. 8388607)
 18 compressed objects within 1 object stream
 2 named destinations out of 1000 (max. 500000)
 1 words of extra memory for PDF output out of 10000 (max. 10000000)

